0 info it worked if it ends with ok
1 verbose cli [ '/usr/local/bin/node',
1 verbose cli   '/usr/local/bin/npm',
1 verbose cli   'run',
1 verbose cli   'git:rebase' ]
2 info using npm@2.15.0
3 info using node@v4.4.2
4 verbose run-script [ 'pregit:rebase', 'git:rebase', 'postgit:rebase' ]
5 info pregit:rebase to-do-app@1.0.0
6 info git:rebase to-do-app@1.0.0
7 verbose unsafe-perm in lifecycle true
8 info to-do-app@1.0.0 Failed to exec git:rebase script
9 verbose stack Error: to-do-app@1.0.0 git:rebase: `npm run git:checkout:master && npm run git:rebase:gh-pages && npm run git:push:master && npm run git:checkout:gh-pages`
9 verbose stack Exit status 1
9 verbose stack     at EventEmitter.<anonymous> (/usr/local/lib/node_modules/npm/lib/utils/lifecycle.js:217:16)
9 verbose stack     at emitTwo (events.js:87:13)
9 verbose stack     at EventEmitter.emit (events.js:172:7)
9 verbose stack     at ChildProcess.<anonymous> (/usr/local/lib/node_modules/npm/lib/utils/spawn.js:24:14)
9 verbose stack     at emitTwo (events.js:87:13)
9 verbose stack     at ChildProcess.emit (events.js:172:7)
9 verbose stack     at maybeClose (internal/child_process.js:827:16)
9 verbose stack     at Process.ChildProcess._handle.onexit (internal/child_process.js:211:5)
10 verbose pkgid to-do-app@1.0.0
11 verbose cwd /Users/davidtrinh/Desktop/projects/Thinkful/to-do-app/app
12 error Darwin 15.4.0
13 error argv "/usr/local/bin/node" "/usr/local/bin/npm" "run" "git:rebase"
14 error node v4.4.2
15 error npm  v2.15.0
16 error code ELIFECYCLE
17 error to-do-app@1.0.0 git:rebase: `npm run git:checkout:master && npm run git:rebase:gh-pages && npm run git:push:master && npm run git:checkout:gh-pages`
17 error Exit status 1
18 error Failed at the to-do-app@1.0.0 git:rebase script 'npm run git:checkout:master && npm run git:rebase:gh-pages && npm run git:push:master && npm run git:checkout:gh-pages'.
18 error This is most likely a problem with the to-do-app package,
18 error not with npm itself.
18 error Tell the author that this fails on your system:
18 error     npm run git:checkout:master && npm run git:rebase:gh-pages && npm run git:push:master && npm run git:checkout:gh-pages
18 error You can get information on how to open an issue for this project with:
18 error     npm bugs to-do-app
18 error Or if that isn't available, you can get their info via:
18 error
18 error     npm owner ls to-do-app
18 error There is likely additional logging output above.
19 verbose exit [ 1, true ]
